<?xml version="1.0" encoding="UTF-8"?>
<testng-results ignored="0" total="5" passed="5" failed="0" skipped="0">
  <reporter-output>
  </reporter-output>
  <suite started-at="2023-06-21T19:09:07 GMT-04:00" name="LeadSuite" finished-at="2023-06-21T19:11:04 GMT-04:00" duration-ms="117606">
    <groups>
    </groups>
    <test started-at="2023-06-21T19:09:07 GMT-04:00" name="Edge Browser" finished-at="2023-06-21T19:09:56 GMT-04:00" duration-ms="49772">
      <class name="testcases.T003EditLeadVerificaiton">
        <test-method is-config="true" signature="setValues()[pri:0, instance:testcases.T003EditLeadVerificaiton@792b749c]" started-at="2023-06-21T19:09:07 GMT-04:00" name="setValues" finished-at="2023-06-21T19:09:07 GMT-04:00" duration-ms="5" status="PASS">
          <reporter-output>
          </reporter-output>
        </test-method> <!-- setValues -->
        <test-method is-config="true" signature="precondition(java.lang.String,java.lang.String,java.lang.String,java.lang.String)[pri:0, instance:testcases.T003EditLeadVerificaiton@792b749c]" started-at="2023-06-21T19:09:08 GMT-04:00" name="precondition" finished-at="2023-06-21T19:09:40 GMT-04:00" duration-ms="32470" status="PASS">
          <params>
            <param index="0">
              <value>
                <![CDATA[Edge]]>
              </value>
            </param>
            <param index="1">
              <value>
                <![CDATA[http://leaftaps.com/opentaps/control/main]]>
              </value>
            </param>
            <param index="2">
              <value>
                <![CDATA[Demosalesmanager]]>
              </value>
            </param>
            <param index="3">
              <value>
                <![CDATA[crmsfa]]>
              </value>
            </param>
          </params>
          <reporter-output>
          </reporter-output>
        </test-method> <!-- precondition -->
        <test-method signature="runEdidLead(java.lang.String,java.lang.String)[pri:0, instance:testcases.T003EditLeadVerificaiton@792b749c]" started-at="2023-06-21T19:09:40 GMT-04:00" name="runEdidLead" data-provider="sendData" finished-at="2023-06-21T19:09:56 GMT-04:00" duration-ms="15733" status="PASS">
          <params>
            <param index="0">
              <value>
                <![CDATA[99]]>
              </value>
            </param>
            <param index="1">
              <value>
                <![CDATA[RaghavHari]]>
              </value>
            </param>
          </params>
          <reporter-output>
          </reporter-output>
        </test-method> <!-- runEdidLead -->
        <test-method is-config="true" signature="postcodition()[pri:0, instance:testcases.T003EditLeadVerificaiton@792b749c]" started-at="2023-06-21T19:09:56 GMT-04:00" name="postcodition" finished-at="2023-06-21T19:09:56 GMT-04:00" duration-ms="346" status="PASS">
          <reporter-output>
          </reporter-output>
        </test-method> <!-- postcodition -->
      </class> <!-- testcases.T003EditLeadVerificaiton -->
    </test> <!-- Edge Browser -->
    <test started-at="2023-06-21T19:09:07 GMT-04:00" name="Chrome Browser" finished-at="2023-06-21T19:10:21 GMT-04:00" duration-ms="74480">
      <class name="testcases.T006DeleteLeadVerification">
        <test-method is-config="true" signature="setValues()[pri:0, instance:testcases.T006DeleteLeadVerification@2d901eb0]" started-at="2023-06-21T19:09:07 GMT-04:00" name="setValues" finished-at="2023-06-21T19:09:07 GMT-04:00" duration-ms="1" status="PASS">
          <reporter-output>
          </reporter-output>
        </test-method> <!-- setValues -->
        <test-method is-config="true" signature="precondition(java.lang.String,java.lang.String,java.lang.String,java.lang.String)[pri:0, instance:testcases.T006DeleteLeadVerification@2d901eb0]" started-at="2023-06-21T19:09:45 GMT-04:00" name="precondition" finished-at="2023-06-21T19:10:07 GMT-04:00" duration-ms="21596" status="PASS">
          <params>
            <param index="0">
              <value>
                <![CDATA[Chrome]]>
              </value>
            </param>
            <param index="1">
              <value>
                <![CDATA[http://leaftaps.com/opentaps/control/main]]>
              </value>
            </param>
            <param index="2">
              <value>
                <![CDATA[Demosalesmanager]]>
              </value>
            </param>
            <param index="3">
              <value>
                <![CDATA[crmsfa]]>
              </value>
            </param>
          </params>
          <reporter-output>
          </reporter-output>
        </test-method> <!-- precondition -->
        <test-method signature="runDeleteLead(java.lang.String)[pri:0, instance:testcases.T006DeleteLeadVerification@2d901eb0]" started-at="2023-06-21T19:10:07 GMT-04:00" name="runDeleteLead" data-provider="sendData" finished-at="2023-06-21T19:10:19 GMT-04:00" duration-ms="12092" status="PASS">
          <params>
            <param index="0">
              <value>
                <![CDATA[99]]>
              </value>
            </param>
          </params>
          <reporter-output>
          </reporter-output>
        </test-method> <!-- runDeleteLead -->
        <test-method is-config="true" signature="postcodition()[pri:0, instance:testcases.T006DeleteLeadVerification@2d901eb0]" started-at="2023-06-21T19:10:19 GMT-04:00" name="postcodition" finished-at="2023-06-21T19:10:21 GMT-04:00" duration-ms="2305" status="PASS">
          <reporter-output>
          </reporter-output>
        </test-method> <!-- postcodition -->
      </class> <!-- testcases.T006DeleteLeadVerification -->
      <class name="testcases.T002CreateLeadVerificaiton">
        <test-method is-config="true" signature="setValues()[pri:0, instance:testcases.T002CreateLeadVerificaiton@15043a2f]" started-at="2023-06-21T19:09:07 GMT-04:00" name="setValues" finished-at="2023-06-21T19:09:07 GMT-04:00" duration-ms="5" status="PASS">
          <reporter-output>
          </reporter-output>
        </test-method> <!-- setValues -->
        <test-method is-config="true" signature="precondition(java.lang.String,java.lang.String,java.lang.String,java.lang.String)[pri:0, instance:testcases.T002CreateLeadVerificaiton@15043a2f]" started-at="2023-06-21T19:09:08 GMT-04:00" name="precondition" finished-at="2023-06-21T19:09:32 GMT-04:00" duration-ms="23434" status="PASS">
          <params>
            <param index="0">
              <value>
                <![CDATA[Chrome]]>
              </value>
            </param>
            <param index="1">
              <value>
                <![CDATA[http://leaftaps.com/opentaps/control/main]]>
              </value>
            </param>
            <param index="2">
              <value>
                <![CDATA[Demosalesmanager]]>
              </value>
            </param>
            <param index="3">
              <value>
                <![CDATA[crmsfa]]>
              </value>
            </param>
          </params>
          <reporter-output>
          </reporter-output>
        </test-method> <!-- precondition -->
        <test-method signature="runCreateLead(java.lang.String,java.lang.String,java.lang.String)[pri:0, instance:testcases.T002CreateLeadVerificaiton@15043a2f]" started-at="2023-06-21T19:09:32 GMT-04:00" name="runCreateLead" data-provider="sendData" finished-at="2023-06-21T19:09:45 GMT-04:00" duration-ms="12928" status="PASS">
          <params>
            <param index="0">
              <value>
                <![CDATA[RaghavHari]]>
              </value>
            </param>
            <param index="1">
              <value>
                <![CDATA[latcham]]>
              </value>
            </param>
            <param index="2">
              <value>
                <![CDATA[appasamy]]>
              </value>
            </param>
          </params>
          <reporter-output>
          </reporter-output>
        </test-method> <!-- runCreateLead -->
        <test-method is-config="true" signature="postcodition()[pri:0, instance:testcases.T002CreateLeadVerificaiton@15043a2f]" started-at="2023-06-21T19:09:45 GMT-04:00" name="postcodition" finished-at="2023-06-21T19:09:45 GMT-04:00" duration-ms="442" status="PASS">
          <reporter-output>
          </reporter-output>
        </test-method> <!-- postcodition -->
      </class> <!-- testcases.T002CreateLeadVerificaiton -->
    </test> <!-- Chrome Browser -->
    <test started-at="2023-06-21T19:09:56 GMT-04:00" name="Firefox Browser" finished-at="2023-06-21T19:10:36 GMT-04:00" duration-ms="39136">
      <class name="testcases.T004MergeLeadVerificaiton">
        <test-method is-config="true" signature="setValues()[pri:0, instance:testcases.T004MergeLeadVerificaiton@302c971f]" started-at="2023-06-21T19:09:56 GMT-04:00" name="setValues" finished-at="2023-06-21T19:09:56 GMT-04:00" duration-ms="0" status="PASS">
          <reporter-output>
          </reporter-output>
        </test-method> <!-- setValues -->
        <test-method is-config="true" signature="precondition(java.lang.String,java.lang.String,java.lang.String,java.lang.String)[pri:0, instance:testcases.T004MergeLeadVerificaiton@302c971f]" started-at="2023-06-21T19:09:57 GMT-04:00" name="precondition" finished-at="2023-06-21T19:10:21 GMT-04:00" duration-ms="23966" status="PASS">
          <params>
            <param index="0">
              <value>
                <![CDATA[Firefox]]>
              </value>
            </param>
            <param index="1">
              <value>
                <![CDATA[http://leaftaps.com/opentaps/control/main]]>
              </value>
            </param>
            <param index="2">
              <value>
                <![CDATA[Demosalesmanager]]>
              </value>
            </param>
            <param index="3">
              <value>
                <![CDATA[crmsfa]]>
              </value>
            </param>
          </params>
          <reporter-output>
          </reporter-output>
        </test-method> <!-- precondition -->
        <test-method signature="runEdidLead(java.lang.String,java.lang.String)[pri:0, instance:testcases.T004MergeLeadVerificaiton@302c971f]" started-at="2023-06-21T19:10:21 GMT-04:00" name="runEdidLead" data-provider="sendData" finished-at="2023-06-21T19:10:32 GMT-04:00" duration-ms="11435" status="PASS">
          <params>
            <param index="0">
              <value>
                <![CDATA[e]]>
              </value>
            </param>
            <param index="1">
              <value>
                <![CDATA[f]]>
              </value>
            </param>
          </params>
          <reporter-output>
          </reporter-output>
        </test-method> <!-- runEdidLead -->
        <test-method is-config="true" signature="postcodition()[pri:0, instance:testcases.T004MergeLeadVerificaiton@302c971f]" started-at="2023-06-21T19:10:32 GMT-04:00" name="postcodition" finished-at="2023-06-21T19:10:36 GMT-04:00" duration-ms="3648" status="PASS">
          <reporter-output>
          </reporter-output>
        </test-method> <!-- postcodition -->
      </class> <!-- testcases.T004MergeLeadVerificaiton -->
    </test> <!-- Firefox Browser -->
    <test started-at="2023-06-21T19:10:21 GMT-04:00" name="safari Browser" finished-at="2023-06-21T19:11:04 GMT-04:00" duration-ms="43121">
      <class name="testcases.T005DuplicateLeadVerification">
        <test-method is-config="true" signature="setValues()[pri:0, instance:testcases.T005DuplicateLeadVerification@548a24a]" started-at="2023-06-21T19:10:21 GMT-04:00" name="setValues" finished-at="2023-06-21T19:10:21 GMT-04:00" duration-ms="0" status="PASS">
          <reporter-output>
          </reporter-output>
        </test-method> <!-- setValues -->
        <test-method is-config="true" signature="precondition(java.lang.String,java.lang.String,java.lang.String,java.lang.String)[pri:0, instance:testcases.T005DuplicateLeadVerification@548a24a]" started-at="2023-06-21T19:10:22 GMT-04:00" name="precondition" finished-at="2023-06-21T19:10:43 GMT-04:00" duration-ms="21111" status="PASS">
          <params>
            <param index="0">
              <value>
                <![CDATA[safari]]>
              </value>
            </param>
            <param index="1">
              <value>
                <![CDATA[http://leaftaps.com/opentaps/control/main]]>
              </value>
            </param>
            <param index="2">
              <value>
                <![CDATA[Demosalesmanager]]>
              </value>
            </param>
            <param index="3">
              <value>
                <![CDATA[crmsfa]]>
              </value>
            </param>
          </params>
          <reporter-output>
          </reporter-output>
        </test-method> <!-- precondition -->
        <test-method signature="runDuplicateLead(java.lang.String)[pri:0, instance:testcases.T005DuplicateLeadVerification@548a24a]" started-at="2023-06-21T19:10:43 GMT-04:00" name="runDuplicateLead" data-provider="sendData" finished-at="2023-06-21T19:11:04 GMT-04:00" duration-ms="21035" status="PASS">
          <params>
            <param index="0">
              <value>
                <![CDATA[a]]>
              </value>
            </param>
          </params>
          <reporter-output>
          </reporter-output>
        </test-method> <!-- runDuplicateLead -->
        <test-method is-config="true" signature="postcodition()[pri:0, instance:testcases.T005DuplicateLeadVerification@548a24a]" started-at="2023-06-21T19:11:04 GMT-04:00" name="postcodition" finished-at="2023-06-21T19:11:04 GMT-04:00" duration-ms="461" status="PASS">
          <reporter-output>
          </reporter-output>
        </test-method> <!-- postcodition -->
      </class> <!-- testcases.T005DuplicateLeadVerification -->
    </test> <!-- safari Browser -->
  </suite> <!-- LeadSuite -->
</testng-results>
