<?xml version="1.0" encoding="UTF-8"?>
<!-- Generated by org.testng.reporters.JUnitXMLReporter -->
<testsuite ignored="0" hostname="DESKTOP-LFVEGP4" failures="0" tests="6" name="Test" time="68.245" errors="0" timestamp="2023-06-20T17:33:47 GMT-04:00">
  <testcase classname="testcases.T001Loginverificaiton" name="runLogin" time="2.233"/>
  <testcase classname="testcases.T006DeleteLeadVerification" name="runDeleteLead" time="26.974"/>
  <testcase classname="testcases.T003EditLeadVerificaiton" name="runEdidLead" time="29.444"/>
  <testcase classname="testcases.T002CreateLeadVerificaiton" name="runCreateLead" time="39.285"/>
  <testcase classname="testcases.T004MergeLeadVerificaiton" name="runEdidLead" time="44.608"/>
  <testcase classname="testcases.T005DuplicateLeadVerification" name="runDuplicateLead" time="47.717"/>
</testsuite> <!-- Test -->
